Arguments: 
  /Users/minhuang/.nvm/versions/node/v16.17.1/bin/node /opt/homebrew/bin/yarn --registry https://registry.npmjs.org

PATH: 
  /Users/minhuang/.rover/bin:/Users/minhuang/.nvm/versions/node/v16.17.1/bin:/opt/homebrew/bin:/opt/homebrew/sbin:/usr/local/bin:/usr/bin:/bin:/usr/sbin:/sbin:/Library/Apple/usr/bin:/Users/minhuang/.rover/bin

Yarn version: 
  1.22.19

Node version: 
  16.17.1

Platform: 
  darwin arm64

Trace: 
  Error: https://registry.npmjs.org/@apollo%2fclient: tunneling socket could not be established, cause=getaddrinfo ENOTFOUND webproxy.corp.booking.com
      at ClientRequest.onError (/opt/homebrew/lib/node_modules/yarn/lib/cli.js:152376:17)
      at Object.onceWrapper (node:events:628:26)
      at ClientRequest.emit (node:events:513:28)
      at Socket.socketErrorListener (node:_http_client:481:9)
      at Socket.emit (node:events:513:28)
      at emitErrorNT (node:internal/streams/destroy:157:8)
      at emitErrorCloseNT (node:internal/streams/destroy:122:3)
      at processTicksAndRejections (node:internal/process/task_queues:83:21)

npm manifest: 
  {
    "name": "gikiapp",
    "version": "0.9.4",
    "private": true,
    "browserslist": [
      ">0.3%",
      "not ie 11",
      "not dead",
      "not op_mini all"
    ],
    "scripts": {
      "pretest": "mv babel.config.js app.babel.config.js && mv test.babel.config.js babel.config.js",
      "test": "jest",
      "posttest": "mv babel.config.js test.babel.config.js &&  mv app.babel.config.js babel.config.js",
      "cthemes": "postcss styles/themes/*.css --dir public/themes --config styles/themes",
      "dev": "NODE_ENV=development && yarn cthemes --watch & next dev",
      "build": "yarn cthemes && next build",
      "start": "next start",
      "lint": "eslint . --cache",
      "lint:fix": "eslint --fix . --cache && stylelint **/*.css",
      "lint:css": "stylelint **/*.css",
      "format": "prettier --check .",
      "format:fix": "prettier --write ."
    },
    "dependencies": {
      "@apollo/client": "^3.6.9",
      "@babel/eslint-parser": "^7.17.0",
      "@gikiapp/sdk": "^1.7.0",
      "@giscus/react": "^2.0.5",
      "@peculiar/webcrypto": "^1.3.3",
      "@primer/octicons-react": "^17.3.0",
      "enzyme": "^3.11.0",
      "enzyme-adapter-react-16": "^1.15.6",
      "eslint-plugin-mocha": "^10.0.5",
      "graphql": "^16.5.0",
      "i18n-js": "^3.9.2",
      "identity-obj-proxy": "^3.0.0",
      "jsonwebtoken": "^8.5.1",
      "next": "13.0.2",
      "next-remove-imports": "^1.0.6",
      "next-themes": "^0.1.1",
      "next-translate": "^1.5.0",
      "preact": "^10.8.2",
      "raw-body": "^2.5.1",
      "react": "^18.1.0",
      "react-calendar-heatmap": "^1.9.0",
      "react-cookie": "^4.1.1",
      "react-dom": "^18.0.0",
      "react-markdown": "^8.0.2",
      "react-switch": "^7.0.0",
      "react-test-renderer": "^18.0.0",
      "react-use": "^17.3.2",
      "react-use-cookie": "^1.4.0",
      "rehype-highlight": "^5.0.2",
      "rehype-raw": "^6.1.1",
      "remark-gfm": "^3.0.1",
      "swr": "^1.2.2",
      "universal-cookie": "^4.0.4"
    },
    "devDependencies": {
      "@babel/preset-env": "^7.18.2",
      "@babel/preset-react": "^7.18.6",
      "@next/bundle-analyzer": "^12.1.5",
      "@prefresh/next": "^1.5.2",
      "@types/jest": "^28.1.6",
      "@types/jsonwebtoken": "^8.5.7",
      "@types/node": "^18.0.5",
      "@types/react": "18.0.1",
      "@types/react-dom": "^18.0.5",
      "@typescript-eslint/eslint-plugin": "^4.33.0",
      "@typescript-eslint/parser": "^4.33.0",
      "autoprefixer": "^10.4.4",
      "cssnano": "^5.1.12",
      "eslint": "^7.22.0",
      "eslint-config-airbnb": "^19.0.4",
      "eslint-config-next": "^12.2.2",
      "eslint-config-prettier": "^8.5.0",
      "eslint-plugin-import": "^2.25.4",
      "eslint-plugin-jest": "^26.5.3",
      "eslint-plugin-jsx-a11y": "^6.5.1",
      "eslint-plugin-mocha": "^10.0.5",
      "eslint-plugin-prettier": "^4.2.1",
      "eslint-plugin-react": "^7.30.0",
      "jest": "^28.1.3",
      "postcss": "^8.4.14",
      "postcss-cli": "^10.0.0",
      "postcss-import": "^14.1.0",
      "prettier": "^2.7.1",
      "stylelint": "^14.8.5",
      "stylelint-config-standard": "^25.0.0",
      "tailwindcss": "^2.2.19",
      "typescript": "^4.7.3"
    },
    "nextBundleAnalysis": {
      "budget": 358400,
      "budgetPercentIncreaseRed": 20,
      "showDetails": true
    }
  }

yarn manifest: 
  No manifest

Lockfile: 
  No lockfile
